CB INFO  2019/09/08 15:32:13.301 - [1] 
======================================
CB INFO  2019/09/08 15:32:13.319 - [1] Run started
CB.Engine DEBUG 2019/09/08 15:32:14.225 - [1] Enter mode StartUp, push down mode Unknown.
CB.Engine DEBUG 2019/09/08 15:32:14.436 - [1] Loaded the map
CB FATAL 2019/09/08 15:32:14.446 - [1] Exception terminated app
System.NullReferenceException: Object reference not set to an instance of an object.
   at CopperBend.Model.Being..ctor(Color foreground, Color background, Int32 glyph, UInt32 id) in D:\code\CopperBend\sc\Model\Being.cs:line 38
   at CopperBend.Model.Player..ctor(Color foreground, Color background, Int32 glyph, UInt32 id) in D:\code\CopperBend\sc\Model\Player.cs:line 11
   at CopperBend.Engine.Engine.CreatePlayer(Coord playerLocation) in D:\code\CopperBend\sc\Engine\Engine.cs:line 136
   at CopperBend.Engine.Engine.Init() in D:\code\CopperBend\sc\Engine\Engine.cs:line 80
   at CopperBend.Engine.Engine..ctor(Int32 gameWidth, Int32 gameHeight, Boolean testMode) in D:\code\CopperBend\sc\Engine\Engine.cs:line 61
   at CopperBend.Application.Program.<>c__DisplayClass8_0.<RunGame>b__0() in D:\code\CopperBend\sc\Program.cs:line 55
   at SadConsole.Game.Initialize() in D:\code\SadConsole\src\SadConsole\Graphics.MonoGame\Game.cs:line 164
   at Microsoft.Xna.Framework.Game.DoInitialize()
   at Microsoft.Xna.Framework.Game.Run(GameRunBehavior runBehavior)
   at CopperBend.Application.Program.RunGame() in D:\code\CopperBend\sc\Program.cs:line 57
CB INFO  2019/09/08 15:32:14.499 - [1] Run ended
CB INFO  2019/09/08 15:33:23.757 - [1] 
======================================
CB INFO  2019/09/08 15:33:23.775 - [1] Run started
CB.Engine DEBUG 2019/09/08 15:33:24.591 - [1] Enter mode StartUp, push down mode Unknown.
CB.Engine DEBUG 2019/09/08 15:33:24.798 - [1] Loaded the map
CB.Engine DEBUG 2019/09/08 15:33:24.820 - [1] Created player.
CB.UIBuilder DEBUG 2019/09/08 15:33:24.856 - [1] Created map window, [{X:0 Y:0 Width:424 Height:832}].
CB.UIBuilder DEBUG 2019/09/08 15:33:24.870 - [1] Created map console, map size [46,32], viewport size [{X:0 Y:0 Width:53 Height:52}].
CB.Engine DEBUG 2019/09/08 15:33:24.962 - [1] Enter mode Schedule, push down mode StartUp.
CB INFO  2019/09/08 15:33:54.598 - [1] Run ended
